生成启动时间为 2021/7/28 9:52:50。
     1>项目“E:\c  test\test_7_28\test_7_28\test_7_28.vcxproj”在节点 2 上(Build 个目标)。
     1>ClCompile:
         E:\Program Files (x86)\Microsoft Visual Studio 12.0\VC\bin\CL.exe /c /ZI /nologo /W3 /WX- /sdl /Od /Oy- /D _MBCS /Gm /EHsc /RTC1 /MDd /GS /fp:precise /Zc:wchar_t /Zc:forScope /Fo"Debug\\" /Fd"Debug\vc120.pdb" /Gd /TC /analyze- /errorReport:prompt "test 1.c" test.c
         test.c
     1>e:\c  test\test_7_28\test_7_28\test.c(17): error C4996: 'scanf': This function or variable may be unsafe. Consider using scanf_s instead. To disable deprecation, use _CRT_SECURE_NO_WARNINGS. See online help for details.
                 e:\program files (x86)\microsoft visual studio 12.0\vc\include\stdio.h(283) : 参见“scanf”的声明
         test 1.c
     1>e:\c  test\test_7_28\test_7_28\test 1.c(11): error C4996: 'scanf': This function or variable may be unsafe. Consider using scanf_s instead. To disable deprecation, use _CRT_SECURE_NO_WARNINGS. See online help for details.
                 e:\program files (x86)\microsoft visual studio 12.0\vc\include\stdio.h(283) : 参见“scanf”的声明
         正在生成代码...
     1>已完成生成项目“E:\c  test\test_7_28\test_7_28\test_7_28.vcxproj”(Build 个目标)的操作 - 失败。

生成失败。

已用时间 00:00:00.11
